<?xml version="1.0" encoding="UTF-8"?>
<!-- Generated by org.testng.reporters.JUnitReportReporter -->
<testsuite skipped="0" hostname="comp23" name="com.example.ASDM.AsdmApplicationTests" tests="1" failures="0" timestamp="15 Jun 2019 03:15:09 GMT" time="0.012" errors="0">
  <testcase name="contextLoads" time="0.012" classname="com.example.ASDM.AsdmApplicationTests"/>
</testsuite> <!-- com.example.ASDM.AsdmApplicationTests -->
